<?xml version="1.0" encoding="UTF-8"?>
<testng-results skipped="0" failed="0" total="1" passed="1">
  <reporter-output>
    <line>
      <![CDATA[Google]]>
    </line>
  </reporter-output>
  <suite name="Default suite" duration-ms="167213" started-at="2016-08-13T12:38:37Z" finished-at="2016-08-13T12:41:24Z">
    <groups>
    </groups>
    <test name="Default test" duration-ms="167213" started-at="2016-08-13T12:38:37Z" finished-at="2016-08-13T12:41:24Z">
      <class name="qsp.Demo1">
        <test-method status="PASS" signature="method1()[pri:0, instance:qsp.Demo1@ae45eb6]" name="method1" duration-ms="167172" started-at="2016-08-13T18:08:37Z" finished-at="2016-08-13T18:11:24Z">
          <reporter-output>
            <line>
              <![CDATA[Google]]>
            </line>
          </reporter-output>
        </test-method> <!-- method1 -->
      </class> <!-- qsp.Demo1 -->
    </test> <!-- Default test -->
  </suite> <!-- Default suite -->
</testng-results>
