<?xml version="1.0" encoding="UTF-8"?>
<testng-results skipped="0" failed="0" total="1" passed="1">
  <reporter-output>
    <line>
      <![CDATA[Google]]>
    </line>
  </reporter-output>
  <suite name="Suite" duration-ms="14268" started-at="2016-08-13T12:07:59Z" finished-at="2016-08-13T12:08:13Z">
    <groups>
    </groups>
    <test name="Test" duration-ms="14268" started-at="2016-08-13T12:07:59Z" finished-at="2016-08-13T12:08:13Z">
      <class name="qsp.Demo1">
        <test-method status="PASS" signature="method1()[pri:0, instance:qsp.Demo1@de0a01f]" name="method1" duration-ms="14247" started-at="2016-08-13T17:37:59Z" finished-at="2016-08-13T17:38:13Z">
          <reporter-output>
            <line>
              <![CDATA[Google]]>
            </line>
          </reporter-output>
        </test-method> <!-- method1 -->
      </class> <!-- qsp.Demo1 -->
    </test> <!-- Test -->
  </suite> <!-- Suite -->
</testng-results>
